<?xml version="1.0" encoding="UTF-8"?>
<testng-results ignored="0" total="1" passed="1" failed="0" skipped="0">
  <reporter-output>
  </reporter-output>
  <suite started-at="2022-08-31T07:06:36 IST" name="Default suite" finished-at="2022-08-31T07:06:46 IST" duration-ms="10374">
    <groups>
    </groups>
    <test started-at="2022-08-31T07:06:36 IST" name="Default test" finished-at="2022-08-31T07:06:46 IST" duration-ms="10374">
      <class name="ProjectFrameworkTestNG.SignUpTestCase">
        <test-method is-config="true" signature="AnyBrowserLunch()[pri:0, instance:ProjectFrameworkTestNG.SignUpTestCase@333291e3]" started-at="2022-08-31T07:06:36 IST" name="AnyBrowserLunch" finished-at="2022-08-31T07:06:39 IST" duration-ms="3628" status="PASS">
          <reporter-output>
          </reporter-output>
        </test-method> <!-- AnyBrowserLunch -->
        <test-method signature="SingUpPage()[pri:0, instance:ProjectFrameworkTestNG.SignUpTestCase@333291e3]" started-at="2022-08-31T07:06:39 IST" name="SingUpPage" finished-at="2022-08-31T07:06:46 IST" duration-ms="6516" status="PASS">
          <reporter-output>
          </reporter-output>
        </test-method> <!-- SingUpPage -->
        <test-method is-config="true" signature="CloseTheAllBrowser()[pri:0, instance:ProjectFrameworkTestNG.SignUpTestCase@333291e3]" started-at="2022-08-31T07:06:46 IST" name="CloseTheAllBrowser" finished-at="2022-08-31T07:06:46 IST" duration-ms="200" status="PASS">
          <reporter-output>
          </reporter-output>
        </test-method> <!-- CloseTheAllBrowser -->
      </class> <!-- ProjectFrameworkTestNG.SignUpTestCase -->
    </test> <!-- Default test -->
  </suite> <!-- Default suite -->
</testng-results>
